#
# There is insufficient memory for the Java Runtime Environment to continue.
# Native memory allocation (mmap) failed to map 266338304 bytes for G1 virtual space
# Possible reasons:
#   The system is out of physical RAM or swap space
#   The process is running with CompressedOops enabled, and the Java Heap may be blocking the growth of the native heap
# Possible solutions:
#   Reduce memory load on the system
#   Increase physical memory or swap space
#   Check if swap backing store is full
#   Decrease Java heap size (-Xmx/-Xms)
#   Decrease number of Java threads
#   Decrease Java thread stack sizes (-Xss)
#   Set larger code cache with -XX:ReservedCodeCacheSize=
#   JVM is running with Zero Based Compressed Oops mode in which the Java heap is
#     placed in the first 32GB address space. The Java Heap base address is the
#     maximum limit for the native heap growth. Please use -XX:HeapBaseMinAddress
#     to set the Java Heap base and to place the Java Heap above 32GB virtual address.
# This output file may be truncated or incomplete.
#
#  Out of Memory Error (./open/src/hotspot/os/windows/os_windows.cpp:3472), pid=217192, tid=216976
#
# JRE version:  (15.0+36) (build )
# Java VM: Java HotSpot(TM) 64-Bit Server VM (15+36-1562, mixed mode, sharing, tiered, compressed oops, g1 gc, windows-amd64)
# No core dump will be written. Minidumps are not enabled by default on client versions of Windows
#

---------------  S U M M A R Y ------------

Command Line: -XX:TieredStopAtLevel=1 -Xverify:none -Dspring.output.ansi.enabled=always -javaagent:E:\IntelliJIDEA\IntelliJ IDEA 2020.3.3\lib\idea_rt.jar=58588:E:\IntelliJIDEA\IntelliJ IDEA 2020.3.3\bin -Dcom.sun.management.jmxremote -Dspring.jmx.enabled=true -Dspring.liveBeansView.mbeanDomain -Dspring.application.admin.enabled=true -Dfile.encoding=UTF-8 com.slx.community.CommunityApplication

Host: Intel(R) Core(TM) i5-8500 CPU @ 3.00GHz, 6 cores, 15G,  Windows 10 , 64 bit Build 17763 (10.0.17763.1)
Time: Thu Apr 15 16:04:55 2021 ?D1¨²¡À¨º¡Á?¨º¡À?? elapsed time: 0.057665 seconds (0d 0h 0m 0s)

---------------  T H R E A D  ---------------

Current thread (0x0000022d279a2200):  JavaThread "Unknown thread" [_thread_in_vm, id=216976, stack(0x0000006427c00000,0x0000006427d00000)]

Stack: [0x0000006427c00000,0x0000006427d00000]
Native frames: (J=compiled Java code, j=interpreted, Vv=VM code, C=native code)
V  [jvm.dll+0x629eaa]
V  [jvm.dll+0x780379]
V  [jvm.dll+0x781ad3]
V  [jvm.dll+0x782133]
V  [jvm.dll+0x2159d5]
V  [jvm.dll+0x627299]
V  [jvm.dll+0x61bdd5]
V  [jvm.dll+0x2cf96d]
V  [jvm.dll+0x2cf7d2]
V  [jvm.dll+0x2d57ac]
V  [jvm.dll+0x32523a]
V  [jvm.dll+0x324904]
V  [jvm.dll+0x2a68ea]
V  [jvm.dll+0x2a7a88]
V  [jvm.dll+0x75d0f1]
V  [jvm.dll+0x333af4]
V  [jvm.dll+0x73d816]
V  [jvm.dll+0x3b68e7]
V  [jvm.dll+0x3b8371]
C  [jli.dll+0x52fb]
C  [ucrtbase.dll+0x203ba]
C  [KERNEL32.DLL+0x17e94]
C  [ntdll.dll+0x6a251]


---------------  P R O C E S S  ---------------

Threads class SMR info:
_java_thread_list=0x00007fff32642fa0, length=0, elements={
}

Java Threads: ( => current thread )

Other Threads:
  0x0000022d279f2700 GCTaskThread "GC Thread#0" [stack: 0x0000006427d00000,0x0000006427e00000] [id=232164]
  0x0000022d2583b6a0 ConcurrentGCThread "G1 Main Marker" [stack: 0x0000006427e00000,0x0000006427f00000] [id=228680]
  0x0000022d2583c0a0 ConcurrentGCThread "G1 Conc#0" [stack: 0x0000006427f00000,0x0000006428000000] [id=231460]

[error occurred during error reporting (printing all threads), id 0xc0000005, EXCEPTION_ACCESS_VIOLATION (0xc0000005) at pc=0x00007fff31e377b7]

VM state: not at safepoint (not fully initialized)

VM Mutex/Monitor currently owned by a thread:  ([mutex/lock_event])
[0x0000022d2799ff40] Heap_lock - owner thread: 0x0000022d279a2200

Heap address: 0x0000000702600000, size: 4058 MB, Compressed Oops mode: Zero based, Oop shift amount: 3
CDS archive(s) mapped at: [0x0000000000000000-0x0000000000000000-0x0000000000000000), size 0, SharedBaseAddress: 0x0000000800000000, ArchiveRelocationMode: 0.
Narrow klass base: 0x0000000000000000, Narrow klass shift: 0, Narrow klass range: 0x0

Heap:
 garbage-first heap   total 260096K, used 0K [0x0000000702600000, 0x0000000800000000)
  region size 2048K, 0 young (0K), 0 survivors (0K)
 Metaspace       used 0K, capacity 0K, committed 0K, reserved 0K
  class space    used 0K, capacity 0K, committed 0K, reserved 0K

Heap Regions: E=young(eden), S=young(survivor), O=old, HS=humongous(starts), HC=humongous(continues), CS=collection set, F=free, OA=open archive, CA=closed archive, TAMS=top-at-mark-start (previous, next)

Card table byte_map: [0x0000022d3f4c0000,0x0000022d3fcb0000] _byte_map_base: 0x0000022d3bcad000

Marking Bits (Prev, Next): (CMBitMap*) 0x0000022d2583afb0, (CMBitMap*) 0x0000022d2583aff0
 Prev Bits: [0x0000022d404a0000, 0x0000022d44408000)
 Next Bits: [0x0000022d44410000, 0x0000022d48378000)

GC Heap History (0 events):
No events

Deoptimization events (0 events):
No events

Classes unloaded (0 events):
No events

Classes redefined (0 events):
No events

Internal exceptions (0 events):
No events

Events (1 events):
Event: 0.045 Loaded shared library E:\java\bin\java.dll


Dynamic libraries:
0x00007ff6d9550000 - 0x00007ff6d955f000 	E:\java\bin\java.exe
0x00007fff79940000 - 0x00007fff79b2d000 	C:\Windows\SYSTEM32\ntdll.dll
0x00007fff797a0000 - 0x00007fff79853000 	C:\Windows\System32\KERNEL32.DLL
0x00007fff75a10000 - 0x00007fff75ca3000 	C:\Windows\System32\KERNELBASE.dll
0x00007fff75d70000 - 0x00007fff75e6c000 	C:\Windows\System32\ucrtbase.dll
0x00007fff64fa0000 - 0x00007fff64fb9000 	E:\java\bin\VCRUNTIME140.dll
0x00007fff64ec0000 - 0x00007fff64ed8000 	E:\java\bin\jli.dll
0x00007fff76b80000 - 0x00007fff76c23000 	C:\Windows\System32\ADVAPI32.dll
0x00007fff79870000 - 0x00007fff7990e000 	C:\Windows\System32\msvcrt.dll
0x00007fff76d40000 - 0x00007fff76dde000 	C:\Windows\System32\sechost.dll
0x00007fff76e40000 - 0x00007fff76f62000 	C:\Windows\System32\RPCRT4.dll
0x00007fff78fc0000 - 0x00007fff79157000 	C:\Windows\System32\USER32.dll
0x00007fff76400000 - 0x00007fff76420000 	C:\Windows\System32\win32u.dll
0x00007fff79710000 - 0x00007fff79739000 	C:\Windows\System32\GDI32.dll
0x00007fff68450000 - 0x00007fff686c9000 	C:\Windows\WinSxS\amd64_microsoft.windows.common-controls_6595b64144ccf1df_6.0.17763.194_none_05b3366207211c42\COMCTL32.dll
0x00007fff75e70000 - 0x00007fff7600a000 	C:\Windows\System32\gdi32full.dll
0x00007fff77280000 - 0x00007fff775ad000 	C:\Windows\System32\combase.dll
0x00007fff75cd0000 - 0x00007fff75d70000 	C:\Windows\System32\msvcp_win.dll
0x00007fff76150000 - 0x00007fff761ce000 	C:\Windows\System32\bcryptPrimitives.dll
0x00007fff6bf00000 - 0x00007fff6bf0a000 	C:\Windows\SYSTEM32\VERSION.dll
0x00007fff78aa0000 - 0x00007fff78ace000 	C:\Windows\System32\IMM32.DLL
0x00007fff64f90000 - 0x00007fff64f9c000 	E:\java\bin\vcruntime140_1.dll
0x00007fff4c370000 - 0x00007fff4c401000 	E:\java\bin\msvcp140.dll
0x00007fff31b80000 - 0x00007fff326dc000 	E:\java\bin\server\jvm.dll
0x00007fff79860000 - 0x00007fff79868000 	C:\Windows\System32\PSAPI.DLL
0x00007fff73680000 - 0x00007fff736a4000 	C:\Windows\SYSTEM32\WINMM.dll
0x00007fff73480000 - 0x00007fff734ad000 	C:\Windows\SYSTEM32\WINMMBASE.dll
0x00007fff761d0000 - 0x00007fff7621a000 	C:\Windows\System32\cfgmgr32.dll
0x00007fff597f0000 - 0x00007fff597f9000 	C:\Windows\SYSTEM32\WSOCK32.dll
0x00007fff76ff0000 - 0x00007fff7705d000 	C:\Windows\System32\WS2_32.dll
0x00007fff75960000 - 0x00007fff75971000 	C:\Windows\System32\kernel.appcore.dll
0x00007fff64f40000 - 0x00007fff64f4a000 	E:\java\bin\jimage.dll
0x00007fff58070000 - 0x00007fff5825d000 	C:\Windows\SYSTEM32\DBGHELP.DLL
0x00007fff58010000 - 0x00007fff5803a000 	C:\Windows\SYSTEM32\dbgcore.DLL
0x00007fff63b40000 - 0x00007fff63b4e000 	E:\java\bin\instrument.dll
0x00007fff64d70000 - 0x00007fff64d95000 	E:\java\bin\java.dll

dbghelp: loaded successfully - version: 4.0.5 - missing functions: none
symbol engine: initialized successfully - sym options: 0x614 - pdb path: .;E:\java\bin;C:\Windows\SYSTEM32;C:\Windows\WinSxS\amd64_microsoft.windows.common-controls_6595b64144ccf1df_6.0.17763.194_none_05b3366207211c42;E:\java\bin\server

VM Arguments:
jvm_args: -XX:TieredStopAtLevel=1 -Xverify:none -Dspring.output.ansi.enabled=always -javaagent:E:\IntelliJIDEA\IntelliJ IDEA 2020.3.3\lib\idea_rt.jar=58588:E:\IntelliJIDEA\IntelliJ IDEA 2020.3.3\bin -Dcom.sun.management.jmxremote -Dspring.jmx.enabled=true -Dspring.liveBeansView.mbeanDomain -Dspring.application.admin.enabled=true -Dfile.encoding=UTF-8 
java_command: com.slx.community.CommunityApplication
java_class_path (initial): H:\SpringProject\community\target\classes;E:\Apache_maven\maven-repository\org\springframework\boot\spring-boot-starter-web\2.4.4\spring-boot-starter-web-2.4.4.jar;E:\Apache_maven\maven-repository\org\springframework\boot\spring-boot-starter\2.4.4\spring-boot-starter-2.4.4.jar;E:\Apache_maven\maven-repository\org\springframework\boot\spring-boot\2.4.4\spring-boot-2.4.4.jar;E:\Apache_maven\maven-repository\org\springframework\boot\spring-boot-autoconfigure\2.4.4\spring-boot-autoconfigure-2.4.4.jar;E:\Apache_maven\maven-repository\org\springframework\boot\spring-boot-starter-logging\2.4.4\spring-boot-starter-logging-2.4.4.jar;E:\Apache_maven\maven-repository\ch\qos\logback\logback-classic\1.2.3\logback-classic-1.2.3.jar;E:\Apache_maven\maven-repository\ch\qos\logback\logback-core\1.2.3\logback-core-1.2.3.jar;E:\Apache_maven\maven-repository\org\apache\logging\log4j\log4j-to-slf4j\2.13.3\log4j-to-slf4j-2.13.3.jar;E:\Apache_maven\maven-repository\org\apache\logging\log4j\log4j-api\2.13.3\log4j-api-2.13.3.jar;E:\Apache_maven\maven-repository\org\slf4j\jul-to-slf4j\1.7.30\jul-to-slf4j-1.7.30.jar;E:\Apache_maven\maven-repository\jakarta\annotation\jakarta.annotation-api\1.3.5\jakarta.annotation-api-1.3.5.jar;E:\Apache_maven\maven-repository\org\yaml\snakeyaml\1.27\snakeyaml-1.27.jar;E:\Apache_maven\maven-repository\org\springframework\boot\spring-boot-starter-json\2.4.4\spring-boot-starter-json-2.4.4.jar;E:\Apache_maven\maven-repository\com\fasterxml\jackson\core\jackson-databind\2.11.4\jackson-databind-2.11.4.jar;E:\Apache_maven\maven-repository\com\fasterxml\jackson\core\jackson-annotations\2.11.4\jackson-annotations-2.11.4.jar;E:\Apache_maven\maven-repository\com\fasterxml\jackson\core\jackson-core\2.11.4\jackson-core-2.11.4.jar;E:\Apache_maven\maven-repository\com\fasterxml\jackson\datatype\jackson-datatype-jdk8\2.11.4\jackson-datatype-jdk8-2.11.4.jar;E:\Apache_maven\maven-repository\com\fasterxml\jackson\datatype\jackson-datatype-jsr310\2.
Launcher Type: SUN_STANDARD

[Global flags]
     intx CICompilerCount                          = 3                                         {product} {ergonomic}
     uint ConcGCThreads                            = 2                                         {product} {ergonomic}
     uint G1ConcRefinementThreads                  = 6                                         {product} {ergonomic}
   size_t G1HeapRegionSize                         = 2097152                                   {product} {ergonomic}
    uintx GCDrainStackTargetSize                   = 64                                        {product} {ergonomic}
   size_t InitialHeapSize                          = 266338304                                 {product} {ergonomic}
     bool ManagementServer                         = true                                      {product} {command line}
   size_t MarkStackSize                            = 4194304                                   {product} {ergonomic}
   size_t MaxHeapSize                              = 4255121408                                {product} {ergonomic}
   size_t MinHeapDeltaBytes                        = 2097152                                   {product} {ergonomic}
   size_t MinHeapSize                              = 8388608                                   {product} {ergonomic}
    uintx NonNMethodCodeHeapSize                   = 6973028                                {pd product} {ergonomic}
    uintx NonProfiledCodeHeapSize                  = 244685212                              {pd product} {ergonomic}
    uintx ProfiledCodeHeapSize                     = 0                                      {pd product} {ergonomic}
    uintx ReservedCodeCacheSize                    = 251658240                              {pd product} {ergonomic}
     bool SegmentedCodeCache                       = true                                      {product} {ergonomic}
   size_t SoftMaxHeapSize                          = 4255121408                             {manageable} {ergonomic}
     intx TieredStopAtLevel                        = 1                                         {product} {command line}
     bool UseCompressedClassPointers               = true                                 {lp64_product} {ergonomic}
     bool UseCompressedOops                        = true                                 {lp64_product} {ergonomic}
     bool UseG1GC                                  = true                                      {product} {ergonomic}
     bool UseLargePagesIndividualAllocation        = false                                  {pd product} {ergonomic}

Logging:
Log output configuration:
 #0: stdout all=warning uptime,level,tags
 #1: stderr all=off uptime,level,tags

Environment Variables:
JAVA_HOME=E:\java
PATH=C:\Program Files\Common Files\Oracle\Java\javapath;E:\Xftp\;E:\XShell\;E:\Anaconda;E:\Anaconda\Library\mingw-w64\bin;E:\Anaconda\Library\usr\bin;E:\Anaconda\Library\bin;E:\Anaconda\Scripts;C:\Windows\system32;C:\Windows;C:\Windows\System32\Wbem;C:\Windows\System32\WindowsPowerShell\v1.0\;C:\Windows\System32\OpenSSH\;C:\Users\Administrator\AppData\Local\atom\bin;E:\node-v12.13.1-win-x64;E:\node-v12.13.1-win-x64\node_global;E:\node-v12.13.1-win-x64\node_modules\npm;C:\Program Files\Docker\Docker\resources\bin;C:\ProgramData\DockerDesktop\version-bin;E:\TeXLive2020\texlive\2020\bin\win32;E:\java\bin;E:\Git\cmd;"E:\apache-tomcat-8.5.64\lib;E:\apache-tomcat-8.5.64\bin";C:\Program Files\MySQL\MySQL Server 8.0\bin;E:\Apache_maven\apache-maven-3.6.3\bin;C:\Program Files\MySQL\MySQL Shell 8.0\bin\;C:\Users\Administrator\AppData\Local\Microsoft\WindowsApps;E:\PyCharm\PyCharm Community Edition with Anaconda plugin 2019.2.2\bin;C:\Users\Administrator\AppData\Local\Programs\Microsoft VS Code\bin;C:\Users\Administrator\AppData\Local\atom\bin;E:\Bandizip6.25\;E:\PyCharm 2020.3.2\bin;
USERNAME=Administrator
OS=Windows_NT
PROCESSOR_IDENTIFIER=Intel64 Family 6 Model 158 Stepping 10, GenuineIntel



---------------  S Y S T E M  ---------------

OS:
 Windows 10 , 64 bit Build 17763 (10.0.17763.1)
OS uptime: 22 days 20:08 hours

CPU: total 6 (initial active 6) (6 cores per cpu, 1 threads per core) family 6 model 158 stepping 10, cmov, cx8, fxsr, mmx, sse, sse2, sse3, ssse3, sse4.1, sse4.2, popcnt, vzeroupper, avx, avx2, aes, clmul, erms, rtm, 3dnowpref, lzcnt, tsc, tscinvbit, bmi1, bmi2, adx, fma, clflush, clflushopt

Memory: 4k page, system-wide physical 16224M (3231M free)
TotalPageFile size 35424M (AvailPageFile size 165M)
current process WorkingSet (physical memory assigned to process): 10M, peak: 10M
current process commit charge ("private bytes"): 54M, peak: 307M

vm_info: Java HotSpot(TM) 64-Bit Server VM (15+36-1562) for windows-amd64 JRE (15+36-1562), built on Aug 11 2020 22:38:02 by "mach5one" with unknown MS VC++:1925

END.
